Using pre-set license
Built from '2020.2/release' branch; Version is '2020.2.1f1 (270dd8c3da1c) revision 2559448'; Using compiler version '192528614'; Build Type 'Release'
OS: 'Windows 10  (10.0.0) 64bit' Language: 'en' Physical Memory: 16115 MB
BatchMode: 1, IsHumanControllingUs: 0, StartBugReporterOnCrash: 0, Is64bit: 1, IsPro: 0

 COMMAND LINE ARGUMENTS:
C:\Program Files\Unity\Hub\Editor\2020.2.1f1\Editor\Unity.exe
-adb2
-batchMode
-noUpm
-name
AssetImportWorker0
-projectPath
C:/Users/tamji/OneDrive/Documents/My Game/Death's Door
-logFile
Logs/AssetImportWorker0.log
-srvPort
52369
Successfully changed project path to: C:/Users/tamji/OneDrive/Documents/My Game/Death's Door
C:/Users/tamji/OneDrive/Documents/My Game/Death's Door
Using Asset Import Pipeline V2.
Refreshing native plugins compatible for Editor in 40.93 ms, found 0 plugins.
Preloading 0 native plugins for Editor in 0.00 ms.
Initialize engine version: 2020.2.1f1 (270dd8c3da1c)
[Subsystems] Discovering subsystems at path C:/Program Files/Unity/Hub/Editor/2020.2.1f1/Editor/Data/Resources/UnitySubsystems
[Subsystems] Discovering subsystems at path C:/Users/tamji/OneDrive/Documents/My Game/Death's Door/Assets
GfxDevice: creating device client; threaded=0
Direct3D:
    Version:  Direct3D 11.0 [level 11.1]
    Renderer: NVIDIA GeForce GTX 1050 Ti with Max-Q Design (ID=0x1c8c)
    Vendor:   
    VRAM:     4021 MB
    Driver:   27.21.14.6231
Shader 'Universal Render Pipeline/Particles/Lit': fallback shader 'Universal Render Pipeline/Particles/SimpleLit' not found
Initialize mono
Mono path[0] = 'C:/Program Files/Unity/Hub/Editor/2020.2.1f1/Editor/Data/Managed'
Mono path[1] = 'C:/Program Files/Unity/Hub/Editor/2020.2.1f1/Editor/Data/MonoBleedingEdge/lib/mono/unityjit'
Mono config path = 'C:/Program Files/Unity/Hub/Editor/2020.2.1f1/Editor/Data/MonoBleedingEdge/etc'
Using monoOptions --debugger-agent=transport=dt_socket,embedding=1,server=y,suspend=n,address=127.0.0.1:56432
Begin MonoManager ReloadAssembly
Registering precompiled unity dll's ...
Register platform support module: C:/Program Files/Unity/Hub/Editor/2020.2.1f1/Editor/Data/PlaybackEngines/WindowsStandaloneSupport/UnityEditor.WindowsStandalone.Extensions.dll
Registered in 0.001858 seconds.
Native extension for WindowsStandalone target not found
Refreshing native plugins compatible for Editor in 45.94 ms, found 0 plugins.
Preloading 0 native plugins for Editor in 0.00 ms.
Invoked RoslynAnalysisRunner static constructor.
RoslynAnalysisRunner will not be running.
RoslynAnalysisRunner has terminated.
Mono: successfully reloaded assembly
- Completed reload, in  0.970 seconds
Platform modules already initialized, skipping
Registering precompiled user dll's ...
Registered in 0.001445 seconds.
Begin MonoManager ReloadAssembly
Native extension for WindowsStandalone target not found
Refreshing native plugins compatible for Editor in 71.61 ms, found 0 plugins.
Preloading 0 native plugins for Editor in 0.00 ms.
Invoked RoslynAnalysisRunner static constructor.
RoslynAnalysisRunner will not be running.
RoslynAnalysisRunner has terminated.
Mono: successfully reloaded assembly
- Completed reload, in  1.800 seconds
Platform modules already initialized, skipping
========================================================================
Worker process is ready to serve import requests
Shader 'Universal Render Pipeline/Particles/Lit': fallback shader 'Universal Render Pipeline/Particles/SimpleLit' not found
Launched and connected shader compiler UnityShaderCompiler.exe after 0.03 seconds
Refreshing native plugins compatible for Editor in 0.42 ms, found 0 plugins.
Preloading 0 native plugins for Editor in 0.00 ms.
Unloading 2349 Unused Serialized files (Serialized files now loaded: 0)
System memory in use before: 128.0 MB.
System memory in use after: 128.3 MB.

Unloading 10 unused Assets to reduce memory usage. Loaded Objects now: 2816.
Total: 2.930000 ms (FindLiveObjects: 0.551900 ms CreateObjectMapping: 0.216700 ms MarkObjects: 2.129700 ms  DeleteObjects: 0.030300 ms)

========================================================================
Received Import Request.
  path: Assets/Scripts/GroundTile.cs
  artifactKey: Guid(c1389cdef76c9c443aaf581a26557d61) Importer(815301076,1909f56bfc062723c751e8b465ee728b)
Start importing Assets/Scripts/GroundTile.cs using Guid(c1389cdef76c9c443aaf581a26557d61) Importer(815301076,1909f56bfc062723c751e8b465ee728b)  -> (artifact id: 'b7da164da2871a485be8522155fc5d74') in 0.040454 seconds
  Import took 0.045471 seconds .

========================================================================
Received Import Request.
  Time since last request: 0.000251 seconds.
  path: Assets/Scripts/RunnerMovement.cs
  artifactKey: Guid(d6aa114a770cf184c9ffb9ba8fa4306c) Importer(815301076,1909f56bfc062723c751e8b465ee728b)
Start importing Assets/Scripts/RunnerMovement.cs using Guid(d6aa114a770cf184c9ffb9ba8fa4306c) Importer(815301076,1909f56bfc062723c751e8b465ee728b)  -> (artifact id: '569c4b8d4485253dcced0e242bcd8924') in 0.009241 seconds
  Import took 0.015235 seconds .

========================================================================
Received Prepare
Shader 'Universal Render Pipeline/Particles/Lit': fallback shader 'Universal Render Pipeline/Particles/SimpleLit' not found
Refreshing native plugins compatible for Editor in 1.34 ms, found 0 plugins.
Preloading 0 native plugins for Editor in 0.00 ms.
Unloading 3 Unused Serialized files (Serialized files now loaded: 0)
System memory in use before: 78.6 MB.
System memory in use after: 78.9 MB.

Unloading 3 unused Assets to reduce memory usage. Loaded Objects now: 2816.
Total: 2.584300 ms (FindLiveObjects: 0.277600 ms CreateObjectMapping: 0.149200 ms MarkObjects: 2.135900 ms  DeleteObjects: 0.020300 ms)

========================================================================
Received Import Request.
  Time since last request: 10.222509 seconds.
  path: Assets/Scripts/GroundTile.cs
  artifactKey: Guid(c1389cdef76c9c443aaf581a26557d61) Importer(815301076,1909f56bfc062723c751e8b465ee728b)
Start importing Assets/Scripts/GroundTile.cs using Guid(c1389cdef76c9c443aaf581a26557d61) Importer(815301076,1909f56bfc062723c751e8b465ee728b)  -> (artifact id: '5bae61d254336f889ec56e318eb50dba') in 0.002682 seconds
  Import took 0.007801 seconds .

========================================================================
Received Import Request.
  Time since last request: 14.336386 seconds.
  path: Assets/Scripts/GroundTile.cs
  artifactKey: Guid(c1389cdef76c9c443aaf581a26557d61) Importer(815301076,1909f56bfc062723c751e8b465ee728b)
Start importing Assets/Scripts/GroundTile.cs using Guid(c1389cdef76c9c443aaf581a26557d61) Importer(815301076,1909f56bfc062723c751e8b465ee728b)  -> (artifact id: 'ec3ad99cad338ef2852103c0d022cbe2') in 0.010398 seconds
  Import took 0.015914 seconds .

========================================================================
Received Prepare
Registering precompiled user dll's ...
Registered in 0.001678 seconds.
Begin MonoManager ReloadAssembly
Native extension for WindowsStandalone target not found
Refreshing native plugins compatible for Editor in 0.42 ms, found 0 plugins.
Preloading 0 native plugins for Editor in 0.00 ms.
Invoked RoslynAnalysisRunner static constructor.
RoslynAnalysisRunner will not be running.
RoslynAnalysisRunner has terminated.
Mono: successfully reloaded assembly
- Completed reload, in  1.681 seconds
Platform modules already initialized, skipping
Shader 'Universal Render Pipeline/Particles/Lit': fallback shader 'Universal Render Pipeline/Particles/SimpleLit' not found
Refreshing native plugins compatible for Editor in 0.44 ms, found 0 plugins.
Preloading 0 native plugins for Editor in 0.00 ms.
Unloading 2275 Unused Serialized files (Serialized files now loaded: 0)
System memory in use before: 123.8 MB.
System memory in use after: 124.0 MB.

Unloading 6 unused Assets to reduce memory usage. Loaded Objects now: 2818.
Total: 2.319800 ms (FindLiveObjects: 0.227500 ms CreateObjectMapping: 0.111500 ms MarkObjects: 1.964500 ms  DeleteObjects: 0.015200 ms)

========================================================================
Received Prepare
Registering precompiled user dll's ...
Registered in 0.001624 seconds.
Begin MonoManager ReloadAssembly
Native extension for WindowsStandalone target not found
Refreshing native plugins compatible for Editor in 0.37 ms, found 0 plugins.
Preloading 0 native plugins for Editor in 0.00 ms.
Invoked RoslynAnalysisRunner static constructor.
RoslynAnalysisRunner will not be running.
RoslynAnalysisRunner has terminated.
Mono: successfully reloaded assembly
- Completed reload, in  1.426 seconds
Platform modules already initialized, skipping
Shader 'Universal Render Pipeline/Particles/Lit': fallback shader 'Universal Render Pipeline/Particles/SimpleLit' not found
Refreshing native plugins compatible for Editor in 0.39 ms, found 0 plugins.
Preloading 0 native plugins for Editor in 0.00 ms.
Unloading 2275 Unused Serialized files (Serialized files now loaded: 0)
System memory in use before: 123.8 MB.
System memory in use after: 124.0 MB.

Unloading 6 unused Assets to reduce memory usage. Loaded Objects now: 2820.
Total: 2.676900 ms (FindLiveObjects: 0.310300 ms CreateObjectMapping: 0.132500 ms MarkObjects: 2.213600 ms  DeleteObjects: 0.019200 ms)

========================================================================
Received Import Request.
  Time since last request: 104.822131 seconds.
  path: Assets/Scripts/GroundTile.cs
  artifactKey: Guid(c1389cdef76c9c443aaf581a26557d61) Importer(815301076,1909f56bfc062723c751e8b465ee728b)
Start importing Assets/Scripts/GroundTile.cs using Guid(c1389cdef76c9c443aaf581a26557d61) Importer(815301076,1909f56bfc062723c751e8b465ee728b)  -> (artifact id: '9f9ac7c3e9e5d6d1482f63497c8494a8') in 0.005285 seconds
  Import took 0.012464 seconds .

========================================================================
Received Import Request.
  Time since last request: 5.601760 seconds.
  path: Assets/Scripts/GroundSpawner.cs
  artifactKey: Guid(38a9a522c7040c54a988db24f49ac719) Importer(815301076,1909f56bfc062723c751e8b465ee728b)
Start importing Assets/Scripts/GroundSpawner.cs using Guid(38a9a522c7040c54a988db24f49ac719) Importer(815301076,1909f56bfc062723c751e8b465ee728b)  -> (artifact id: 'fbd98d0b82d54d1f012c5ed36d624158') in 0.006726 seconds
  Import took 0.013847 seconds .

========================================================================
Received Import Request.
  Time since last request: 45.779042 seconds.
  path: Assets/Scripts/DoorScript.cs
  artifactKey: Guid(e98fd405e6e027543a5228a920267932) Importer(815301076,1909f56bfc062723c751e8b465ee728b)
Start importing Assets/Scripts/DoorScript.cs using Guid(e98fd405e6e027543a5228a920267932) Importer(815301076,1909f56bfc062723c751e8b465ee728b)  -> (artifact id: '6cbc908606aad8310194007b15c77055') in 0.006905 seconds
  Import took 0.015647 seconds .

========================================================================
Received Prepare
Registering precompiled user dll's ...
Registered in 0.002463 seconds.
Begin MonoManager ReloadAssembly
Native extension for WindowsStandalone target not found
Refreshing native plugins compatible for Editor in 0.37 ms, found 0 plugins.
Preloading 0 native plugins for Editor in 0.00 ms.
Invoked RoslynAnalysisRunner static constructor.
RoslynAnalysisRunner will not be running.
RoslynAnalysisRunner has terminated.
Mono: successfully reloaded assembly
- Completed reload, in  1.368 seconds
Platform modules already initialized, skipping
Shader 'Universal Render Pipeline/Particles/Lit': fallback shader 'Universal Render Pipeline/Particles/SimpleLit' not found
Refreshing native plugins compatible for Editor in 0.41 ms, found 0 plugins.
Preloading 0 native plugins for Editor in 0.00 ms.
Unloading 2275 Unused Serialized files (Serialized files now loaded: 0)
System memory in use before: 123.8 MB.
System memory in use after: 124.1 MB.

Unloading 6 unused Assets to reduce memory usage. Loaded Objects now: 2822.
Total: 2.359400 ms (FindLiveObjects: 0.239100 ms CreateObjectMapping: 0.114100 ms MarkObjects: 1.985800 ms  DeleteObjects: 0.019100 ms)

========================================================================
Received Import Request.
  Time since last request: 59.723618 seconds.
  path: Assets/Scripts/DoorScript.cs
  artifactKey: Guid(e98fd405e6e027543a5228a920267932) Importer(815301076,1909f56bfc062723c751e8b465ee728b)
Start importing Assets/Scripts/DoorScript.cs using Guid(e98fd405e6e027543a5228a920267932) Importer(815301076,1909f56bfc062723c751e8b465ee728b)  -> (artifact id: '8f53fbd200643db63bddd018f8718620') in 0.005487 seconds
  Import took 0.010543 seconds .

AssetImportWorkerClient::OnTransportError - code=2 error=End of file
